indows PowerShell
(C) Корпорация Майкрософт (Microsoft Corporation). Все права защищены.

Попробуйте новую кроссплатформенную оболочку PowerShell (https://aka.ms/pscore6)

PS C:\Users\MirOlya\Documents\VD3\FD3-React-V5\I_finish\BasisReact\components> npm install

> node-sass@4.6.1 install C:\Users\MirOlya\Documents\VD3\FD3-React-V5\I_finish\BasisReact\node_modules\node-sass
> node scripts/install.js

Downloading binary from https://github.com/sass/node-sass/releases/download/v4.6.1/win32-x64-83_binding.node
Cannot download "https://github.com/sass/node-sass/releases/download/v4.6.1/win32-x64-83_binding.node": 

HTTP error 404 Not Found

Hint: If github.com is not accessible in your location
      try setting a proxy via HTTP_PROXY, e.g.

      export HTTP_PROXY=http://example.com:1234

or configure npm proxy via

      npm config set proxy http://example.com:8080

> uglifyjs-webpack-plugin@0.4.6 postinstall C:\Users\MirOlya\Documents\VD3\FD3-React-V5\I_finish\BasisReact\node_modules\uglifyjs-webpack-plugin
> node lib/post_install.js


> node-sass@4.6.1 postinstall C:\Users\MirOlya\Documents\VD3\FD3-React-V5\I_finish\BasisReact\node_modules\node-sass       
> node scripts/build.js

Building: C:\Program Files\nodejs\node.exe C:\Users\MirOlya\Documents\VD3\FD3-React-V5\I_finish\BasisReact\node_modules\node-gyp\bin\node-gyp.js rebuild --verbose --libsass_ext= --libsass_cflags= --libsass_ldflags= --libsass_library=
gyp info it worked if it ends with ok
gyp verb cli [
gyp verb cli   'C:\\Program Files\\nodejs\\node.exe',
gyp verb cli   'C:\\Users\\MirOlya\\Documents\\VD3\\FD3-React-V5\\I_finish\\BasisReact\\node_modules\\node-gyp\\bin\\node-gyp.js',
gyp verb cli   'rebuild',
gyp verb cli   '--verbose',
gyp verb cli   '--libsass_ext=',
gyp verb cli   '--libsass_cflags=',
gyp verb cli   '--libsass_ldflags=',
gyp verb cli   '--libsass_library='
gyp verb cli ]
gyp info using node-gyp@3.6.2
gyp info using node@14.18.1 | win32 | x64
gyp verb command rebuild []
gyp verb command clean []
gyp verb clean removing "build" directory
gyp verb command configure []
gyp verb check python checking for Python executable "python2" in the PATH
gyp verb `which` failed Error: not found: python2
gyp verb `which` failed     at getNotFoundError (C:\Users\MirOlya\Documents\VD3\FD3-React-V5\I_finish\BasisReact\node_modules\which\which.js:13:12)
gyp verb `which` failed     at F (C:\Users\MirOlya\Documents\VD3\FD3-React-V5\I_finish\BasisReact\node_modules\which\which.js:68:19)
gyp verb `which` failed     at E (C:\Users\MirOlya\Documents\VD3\FD3-React-V5\I_finish\BasisReact\node_modules\which\which.js:80:29)
gyp verb `which` failed     at C:\Users\MirOlya\Documents\VD3\FD3-React-V5\I_finish\BasisReact\node_modules\which\which.js:89:16
gyp verb `which` failed     at C:\Users\MirOlya\Documents\VD3\FD3-React-V5\I_finish\BasisReact\node_modules\isexe\index.js:42:5
gyp verb `which` failed     at C:\Users\MirOlya\Documents\VD3\FD3-React-V5\I_finish\BasisReact\node_modules\isexe\windows.js:36:5
gyp verb `which` failed     at FSReqCallback.oncomplete (fs.js:191:21)
gyp verb `which` failed  python2 Error: not found: python2
gyp verb `which` failed     at getNotFoundError (C:\Users\MirOlya\Documents\VD3\FD3-React-V5\I_finish\BasisReact\node_modules\which\which.js:13:12)
gyp verb `which` failed     at F (C:\Users\MirOlya\Documents\VD3\FD3-React-V5\I_finish\BasisReact\node_modules\which\which.js:68:19)
gyp verb `which` failed     at E (C:\Users\MirOlya\Documents\VD3\FD3-React-V5\I_finish\BasisReact\node_modules\which\which.js:80:29)
gyp verb `which` failed     at C:\Users\MirOlya\Documents\VD3\FD3-React-V5\I_finish\BasisReact\node_modules\which\which.js:89:16
gyp verb `which` failed     at C:\Users\MirOlya\Documents\VD3\FD3-React-V5\I_finish\BasisReact\node_modules\isexe\index.js:42:5
gyp verb `which` failed     at C:\Users\MirOlya\Documents\VD3\FD3-React-V5\I_finish\BasisReact\node_modules\isexe\windows.js:36:5
gyp verb `which` failed     at FSReqCallback.oncomplete (fs.js:191:21) {
gyp verb `which` failed   code: 'ENOENT'
gyp verb `which` failed }
gyp verb check python checking for Python executable "python" in the PATH
gyp verb `which` succeeded python C:\Python310\python.EXE
gyp verb check python version `C:\Python310\python.EXE -c "import platform; print(platform.python_version());"` returned: "3.10.0\r\n"
gyp verb could not find "C:\Python310\python.EXE". checking python launcher 
gyp verb could not find "C:\Python310\python.EXE". guessing location 
gyp verb ensuring that file exists: C:\Python27\python.exe
gyp ERR! configure error
gyp ERR! stack Error: Can't find Python executable "C:\Python310\python.EXE", you can set the PYTHON env variable.
gyp ERR! stack     at PythonFinder.failNoPython (C:\Users\MirOlya\Documents\VD3\FD3-React-V5\I_finish\BasisReact\node_modules\node-gyp\lib\configure.js:483:19)
gyp ERR! stack     at PythonFinder.<anonymous> (C:\Users\MirOlya\Documents\VD3\FD3-React-V5\I_finish\BasisReact\node_modules\node-gyp\lib\configure.js:508:16)
gyp ERR! stack     at C:\Users\MirOlya\Documents\VD3\FD3-React-V5\I_finish\BasisReact\node_modules\graceful-fs\polyfills.js:284:29
gyp ERR! stack     at FSReqCallback.oncomplete (fs.js:191:21)
gyp ERR! System Windows_NT 10.0.19042
gyp ERR! command "C:\\Program Files\\nodejs\\node.exe" "C:\\Users\\MirOlya\\Documents\\VD3\\FD3-React-V5\\I_finish\\BasisReact\\node_modules\\node-gyp\\bin\\node-gyp.js" "rebuild" "--verbose" "--libsass_ext=" "--libsass_cflags=" "--libsass_ldflags=" "--libsass_library="
gyp ERR! cwd C:\Users\MirOlya\Documents\VD3\FD3-React-V5\I_finish\BasisReact\node_modules\node-sass
gyp ERR! node -v v14.18.1
gyp ERR! node-gyp -v v3.6.2
gyp ERR! not ok 
Build failed with error code: 1
npm WARN basisreact@1.0.0 No repository field.
npm WARN optional SKIPPING OPTIONAL DEPENDENCY: fsevents@1.2.4 (node_modules\fsevents):
npm WARN notsup SKIPPING OPTIONAL DEPENDENCY: Unsupported platform for fsevents@1.2.4: wanted {"os":"darwin","arch":"any"} 
(current: {"os":"win32","arch":"x64"})

npm ERR! code ELIFECYCLE
npm ERR! errno 1
npm ERR! node-sass@4.6.1 postinstall: `node scripts/build.js`
npm ERR! Exit status 1
npm ERR!
npm ERR! Failed at the node-sass@4.6.1 postinstall script.
npm ERR! This is probably not a problem with npm. There is likely additional logging output above.

npm ERR! A complete log of this run can be found in:
npm ERR!     C:\Users\MirOlya\AppData\Roaming\npm-cache\_logs\2021-10-14T09_45_11_886Z-debug.log
PS C:\Users\MirOlya\Documents\VD3\FD3-React-V5\I_finish\BasisReact\components>